{"C:\\Users\\willi\\Downloads\\workflow-react-challenge-main\\src\\constants\\cache.ts": {"path":"C:\\Users\\willi\\Downloads\\workflow-react-challenge-main\\src\\constants\\cache.ts","statementMap":{"0":{"start":{"line":1,"column":26},"end":{"line":1,"column":50}},"1":{"start":{"line":4,"column":9},"end":{"line":4,"column":26}},"2":{"start":{"line":2,"column":32},"end":{"line":2,"column":55}},"3":{"start":{"line":4,"column":28},"end":{"line":4,"column":51}}},"fnMap":{},"branchMap":{},"s":{"0":5,"1":5,"2":5,"3":5},"f":{},"b":{}}
,"C:\\Users\\willi\\Downloads\\workflow-react-challenge-main\\src\\constants\\errors.ts": {"path":"C:\\Users\\willi\\Downloads\\workflow-react-challenge-main\\src\\constants\\errors.ts","statementMap":{"0":{"start":{"line":1,"column":27},"end":{"line":4,"column":2}},"1":{"start":{"line":6,"column":9},"end":{"line":6,"column":27}}},"fnMap":{},"branchMap":{},"s":{"0":5,"1":5},"f":{},"b":{}}
,"C:\\Users\\willi\\Downloads\\workflow-react-challenge-main\\src\\constants\\index.ts": {"path":"C:\\Users\\willi\\Downloads\\workflow-react-challenge-main\\src\\constants\\index.ts","statementMap":{"0":{"start":{"line":1,"column":0},"end":{"line":1,"column":25}},"1":{"start":{"line":2,"column":0},"end":{"line":2,"column":24}},"2":{"start":{"line":3,"column":0},"end":{"line":3,"column":24}}},"fnMap":{},"branchMap":{},"s":{"0":5,"1":5,"2":5},"f":{},"b":{}}
,"C:\\Users\\willi\\Downloads\\workflow-react-challenge-main\\src\\constants\\nodes.ts": {"path":"C:\\Users\\willi\\Downloads\\workflow-react-challenge-main\\src\\constants\\nodes.ts","statementMap":{"0":{"start":{"line":1,"column":0},"end":{"line":1,"column":null}},"1":{"start":{"line":2,"column":2},"end":{"line":2,"column":null}},"2":{"start":{"line":3,"column":2},"end":{"line":3,"column":null}},"3":{"start":{"line":4,"column":2},"end":{"line":4,"column":null}},"4":{"start":{"line":5,"column":2},"end":{"line":5,"column":null}},"5":{"start":{"line":6,"column":2},"end":{"line":6,"column":null}},"6":{"start":{"line":9,"column":0},"end":{"line":9,"column":null}},"7":{"start":{"line":10,"column":2},"end":{"line":10,"column":null}},"8":{"start":{"line":11,"column":2},"end":{"line":11,"column":null}},"9":{"start":{"line":14,"column":0},"end":{"line":14,"column":null}},"10":{"start":{"line":15,"column":2},"end":{"line":15,"column":null}},"11":{"start":{"line":16,"column":2},"end":{"line":16,"column":null}},"12":{"start":{"line":17,"column":2},"end":{"line":17,"column":null}},"13":{"start":{"line":20,"column":0},"end":{"line":20,"column":null}},"14":{"start":{"line":21,"column":2},"end":{"line":21,"column":null}},"15":{"start":{"line":22,"column":2},"end":{"line":22,"column":null}},"16":{"start":{"line":23,"column":2},"end":{"line":23,"column":null}},"17":{"start":{"line":26,"column":0},"end":{"line":26,"column":null}},"18":{"start":{"line":27,"column":2},"end":{"line":27,"column":null}},"19":{"start":{"line":28,"column":2},"end":{"line":28,"column":null}},"20":{"start":{"line":29,"column":2},"end":{"line":29,"column":null}}},"fnMap":{"0":{"name":"(anonymous_0)","decl":{"start":{"line":1,"column":0},"end":{"line":1,"column":5}},"loc":{"start":{"line":1,"column":14},"end":{"line":7,"column":1}}},"1":{"name":"(anonymous_1)","decl":{"start":{"line":9,"column":0},"end":{"line":9,"column":5}},"loc":{"start":{"line":9,"column":14},"end":{"line":12,"column":1}}},"2":{"name":"(anonymous_2)","decl":{"start":{"line":14,"column":0},"end":{"line":14,"column":5}},"loc":{"start":{"line":14,"column":19},"end":{"line":18,"column":1}}},"3":{"name":"(anonymous_3)","decl":{"start":{"line":20,"column":0},"end":{"line":20,"column":5}},"loc":{"start":{"line":20,"column":33},"end":{"line":24,"column":1}}},"4":{"name":"(anonymous_4)","decl":{"start":{"line":26,"column":0},"end":{"line":26,"column":5}},"loc":{"start":{"line":26,"column":15},"end":{"line":30,"column":1}}}},"branchMap":{"0":{"loc":{"start":{"line":1,"column":5},"end":{"line":1,"column":null}},"type":"binary-expr","locations":[{"start":{"line":1,"column":5},"end":{"line":1,"column":14}},{"start":{"line":1,"column":14},"end":{"line":1,"column":null}}]},"1":{"loc":{"start":{"line":9,"column":5},"end":{"line":9,"column":null}},"type":"binary-expr","locations":[{"start":{"line":9,"column":5},"end":{"line":9,"column":14}},{"start":{"line":9,"column":14},"end":{"line":9,"column":null}}]},"2":{"loc":{"start":{"line":14,"column":5},"end":{"line":14,"column":null}},"type":"binary-expr","locations":[{"start":{"line":14,"column":5},"end":{"line":14,"column":19}},{"start":{"line":14,"column":19},"end":{"line":14,"column":null}}]},"3":{"loc":{"start":{"line":20,"column":5},"end":{"line":20,"column":null}},"type":"binary-expr","locations":[{"start":{"line":20,"column":5},"end":{"line":20,"column":33}},{"start":{"line":20,"column":33},"end":{"line":20,"column":null}}]},"4":{"loc":{"start":{"line":26,"column":5},"end":{"line":26,"column":null}},"type":"binary-expr","locations":[{"start":{"line":26,"column":5},"end":{"line":26,"column":15}},{"start":{"line":26,"column":15},"end":{"line":26,"column":null}}]}},"s":{"0":5,"1":5,"2":5,"3":5,"4":5,"5":5,"6":5,"7":5,"8":5,"9":5,"10":5,"11":5,"12":5,"13":5,"14":5,"15":5,"16":5,"17":5,"18":5,"19":5,"20":5},"f":{"0":5,"1":5,"2":5,"3":5,"4":5},"b":{"0":[5,5],"1":[5,5],"2":[5,5],"3":[5,5],"4":[5,5]}}
,"C:\\Users\\willi\\Downloads\\workflow-react-challenge-main\\src\\utils\\nodes.ts": {"path":"C:\\Users\\willi\\Downloads\\workflow-react-challenge-main\\src\\utils\\nodes.ts","statementMap":{"0":{"start":{"line":49,"column":9},"end":{"line":49,"column":39}},"1":{"start":{"line":1,"column":0},"end":{"line":1,"column":51}},"2":{"start":{"line":4,"column":22},"end":{"line":18,"column":1}},"3":{"start":{"line":5,"column":20},"end":{"line":15,"column":6}},"4":{"start":{"line":17,"column":4},"end":{"line":17,"column":19}},"5":{"start":{"line":49,"column":41},"end":{"line":49,"column":54}},"6":{"start":{"line":21,"column":19},"end":{"line":21,"column":21}},"7":{"start":{"line":23,"column":23},"end":{"line":23,"column":61}},"8":{"start":{"line":23,"column":42},"end":{"line":23,"column":60}},"9":{"start":{"line":24,"column":4},"end":{"line":26,"column":5}},"10":{"start":{"line":25,"column":8},"end":{"line":25,"column":22}},"11":{"start":{"line":29,"column":26},"end":{"line":29,"column":70}},"12":{"start":{"line":29,"column":47},"end":{"line":29,"column":69}},"13":{"start":{"line":32,"column":31},"end":{"line":32,"column":69}},"14":{"start":{"line":32,"column":57},"end":{"line":32,"column":68}},"15":{"start":{"line":35,"column":22},"end":{"line":43,"column":null}},"16":{"start":{"line":36,"column":8},"end":{"line":37,"column":28}},"17":{"start":{"line":39,"column":9},"end":{"line":43,"column":11}},"18":{"start":{"line":39,"column":61},"end":{"line":42,"column":null}},"19":{"start":{"line":46,"column":4},"end":{"line":46,"column":21}}},"fnMap":{"0":{"name":"(anonymous_0)","decl":{"start":{"line":4,"column":22},"end":{"line":4,"column":23}},"loc":{"start":{"line":4,"column":61},"end":{"line":18,"column":1}}},"1":{"name":"getImmediatePrecedingFormNodes","decl":{"start":{"line":20,"column":9},"end":{"line":20,"column":39}},"loc":{"start":{"line":20,"column":60},"end":{"line":47,"column":1}}},"2":{"name":"(anonymous_2)","decl":{"start":{"line":23,"column":34},"end":{"line":23,"column":38}},"loc":{"start":{"line":23,"column":42},"end":{"line":23,"column":60}}},"3":{"name":"(anonymous_3)","decl":{"start":{"line":29,"column":39},"end":{"line":29,"column":43}},"loc":{"start":{"line":29,"column":47},"end":{"line":29,"column":69}}},"4":{"name":"(anonymous_4)","decl":{"start":{"line":32,"column":49},"end":{"line":32,"column":53}},"loc":{"start":{"line":32,"column":57},"end":{"line":32,"column":68}}},"5":{"name":"(anonymous_5)","decl":{"start":{"line":35,"column":35},"end":{"line":35,"column":39}},"loc":{"start":{"line":36,"column":8},"end":{"line":37,"column":28}}},"6":{"name":"(anonymous_6)","decl":{"start":{"line":38,"column":14},"end":{"line":38,"column":15}},"loc":{"start":{"line":39,"column":9},"end":{"line":43,"column":11}}},"7":{"name":"(anonymous_7)","decl":{"start":{"line":39,"column":50},"end":{"line":39,"column":51}},"loc":{"start":{"line":39,"column":61},"end":{"line":42,"column":null}}}},"branchMap":{"0":{"loc":{"start":{"line":11,"column":16},"end":{"line":11,"column":57}},"type":"binary-expr","locations":[{"start":{"line":11,"column":16},"end":{"line":11,"column":39}},{"start":{"line":11,"column":43},"end":{"line":11,"column":57}}]},"1":{"loc":{"start":{"line":12,"column":16},"end":{"line":12,"column":68}},"type":"binary-expr","locations":[{"start":{"line":12,"column":16},"end":{"line":12,"column":46}},{"start":{"line":12,"column":50},"end":{"line":12,"column":68}}]},"2":{"loc":{"start":{"line":13,"column":16},"end":{"line":13,"column":102}},"type":"binary-expr","locations":[{"start":{"line":13,"column":16},"end":{"line":13,"column":38}},{"start":{"line":13,"column":42},"end":{"line":13,"column":102}}]},"3":{"loc":{"start":{"line":24,"column":4},"end":{"line":26,"column":5}},"type":"if","locations":[{"start":{"line":24,"column":4},"end":{"line":26,"column":5}},{"start":{},"end":{}}]},"4":{"loc":{"start":{"line":36,"column":8},"end":{"line":37,"column":28}},"type":"binary-expr","locations":[{"start":{"line":36,"column":8},"end":{"line":36,"column":44}},{"start":{"line":37,"column":8},"end":{"line":37,"column":28}}]}},"s":{"0":1,"1":1,"2":1,"3":4,"4":4,"5":1,"6":5,"7":5,"8":10,"9":5,"10":1,"11":4,"12":6,"13":4,"14":4,"15":4,"16":11,"17":3,"18":2,"19":4},"f":{"0":4,"1":5,"2":10,"3":6,"4":4,"5":11,"6":3,"7":2},"b":{"0":[4,1],"1":[4,1],"2":[4,1],"3":[1,4],"4":[11,4]}}
,"C:\\Users\\willi\\Downloads\\workflow-react-challenge-main\\src\\utils\\selectState.ts": {"path":"C:\\Users\\willi\\Downloads\\workflow-react-challenge-main\\src\\utils\\selectState.ts","statementMap":{"0":{"start":{"line":1,"column":22},"end":{"line":1,"column":27}},"1":{"start":{"line":3,"column":13},"end":{"line":7,"column":2}},"2":{"start":{"line":4,"column":19},"end":{"line":4,"column":41}},"3":{"start":{"line":5,"column":20},"end":{"line":5,"column":43}},"4":{"start":{"line":6,"column":26},"end":{"line":6,"column":49}}},"fnMap":{"0":{"name":"(anonymous_0)","decl":{"start":{"line":4,"column":13},"end":{"line":4,"column":16}},"loc":{"start":{"line":4,"column":19},"end":{"line":4,"column":41}}},"1":{"name":"(anonymous_1)","decl":{"start":{"line":5,"column":14},"end":{"line":5,"column":17}},"loc":{"start":{"line":5,"column":20},"end":{"line":5,"column":43}}},"2":{"name":"(anonymous_2)","decl":{"start":{"line":6,"column":4},"end":{"line":6,"column":8}},"loc":{"start":{"line":6,"column":21},"end":{"line":6,"column":51}}}},"branchMap":{},"s":{"0":1,"1":1,"2":3,"3":6,"4":6},"f":{"0":3,"1":6,"2":6},"b":{}}
,"C:\\Users\\willi\\Downloads\\workflow-react-challenge-main\\src\\utils\\workflow.ts": {"path":"C:\\Users\\willi\\Downloads\\workflow-react-challenge-main\\src\\utils\\workflow.ts","statementMap":{"0":{"start":{"line":1,"column":0},"end":{"line":1,"column":48}},"1":{"start":{"line":3,"column":27},"end":{"line":25,"column":1}},"2":{"start":{"line":4,"column":27},"end":{"line":22,"column":6}},"3":{"start":{"line":5,"column":36},"end":{"line":10,"column":10}},"4":{"start":{"line":11,"column":36},"end":{"line":16,"column":10}},"5":{"start":{"line":24,"column":4},"end":{"line":24,"column":76}},"6":{"start":{"line":24,"column":76},"end":{"line":24,"column":null}},"7":{"start":{"line":50,"column":9},"end":{"line":50,"column":27}},"8":{"start":{"line":27,"column":23},"end":{"line":48,"column":1}},"9":{"start":{"line":28,"column":2},"end":{"line":42,"column":3}},"10":{"start":{"line":29,"column":17},"end":{"line":29,"column":56}},"11":{"start":{"line":30,"column":4},"end":{"line":39,"column":5}},"12":{"start":{"line":31,"column":21},"end":{"line":31,"column":37}},"13":{"start":{"line":33,"column":6},"end":{"line":38,"column":7}},"14":{"start":{"line":34,"column":8},"end":{"line":37,"column":10}},"15":{"start":{"line":41,"column":4},"end":{"line":41,"column":67}},"16":{"start":{"line":44,"column":2},"end":{"line":47,"column":4}},"17":{"start":{"line":50,"column":29},"end":{"line":50,"column":43}}},"fnMap":{"0":{"name":"(anonymous_0)","decl":{"start":{"line":3,"column":27},"end":{"line":3,"column":28}},"loc":{"start":{"line":3,"column":44},"end":{"line":25,"column":1}}},"1":{"name":"(anonymous_1)","decl":{"start":{"line":5,"column":25},"end":{"line":5,"column":26}},"loc":{"start":{"line":5,"column":36},"end":{"line":10,"column":10}}},"2":{"name":"(anonymous_2)","decl":{"start":{"line":11,"column":25},"end":{"line":11,"column":26}},"loc":{"start":{"line":11,"column":36},"end":{"line":16,"column":10}}},"3":{"name":"(anonymous_3)","decl":{"start":{"line":27,"column":23},"end":{"line":27,"column":26}},"loc":{"start":{"line":27,"column":28},"end":{"line":48,"column":1}}}},"branchMap":{"0":{"loc":{"start":{"line":30,"column":4},"end":{"line":39,"column":5}},"type":"if","locations":[{"start":{"line":30,"column":4},"end":{"line":39,"column":5}},{"start":{},"end":{}}]},"1":{"loc":{"start":{"line":33,"column":6},"end":{"line":38,"column":7}},"type":"if","locations":[{"start":{"line":33,"column":6},"end":{"line":38,"column":7}},{"start":{},"end":{}}]},"2":{"loc":{"start":{"line":33,"column":10},"end":{"line":33,"column":78}},"type":"binary-expr","locations":[{"start":{"line":33,"column":10},"end":{"line":33,"column":16}},{"start":{"line":33,"column":20},"end":{"line":33,"column":47}},{"start":{"line":33,"column":51},"end":{"line":33,"column":78}}]}},"s":{"0":1,"1":1,"2":1,"3":2,"4":1,"5":1,"6":1,"7":1,"8":1,"9":4,"10":4,"11":4,"12":3,"13":2,"14":1,"15":1,"16":3,"17":1},"f":{"0":1,"1":2,"2":1,"3":4},"b":{"0":[3,1],"1":[1,1],"2":[2,2,1]}}
,"C:\\Users\\willi\\Downloads\\workflow-react-challenge-main\\src\\validation\\forms\\ApiNodeConfig.ts": {"path":"C:\\Users\\willi\\Downloads\\workflow-react-challenge-main\\src\\validation\\forms\\ApiNodeConfig.ts","statementMap":{"0":{"start":{"line":55,"column":45},"end":{"line":55,"column":85}},"1":{"start":{"line":1,"column":0},"end":{"line":1,"column":51}},"2":{"start":{"line":4,"column":20},"end":{"line":11,"column":1}},"3":{"start":{"line":5,"column":4},"end":{"line":10,"column":5}},"4":{"start":{"line":6,"column":8},"end":{"line":6,"column":21}},"5":{"start":{"line":7,"column":8},"end":{"line":7,"column":20}},"6":{"start":{"line":9,"column":8},"end":{"line":9,"column":21}},"7":{"start":{"line":55,"column":9},"end":{"line":55,"column":20}},"8":{"start":{"line":13,"column":30},"end":{"line":31,"column":1}},"9":{"start":{"line":14,"column":47},"end":{"line":14,"column":49}},"10":{"start":{"line":16,"column":4},"end":{"line":18,"column":5}},"11":{"start":{"line":17,"column":8},"end":{"line":17,"column":53}},"12":{"start":{"line":20,"column":4},"end":{"line":22,"column":5}},"13":{"start":{"line":21,"column":8},"end":{"line":21,"column":53}},"14":{"start":{"line":24,"column":4},"end":{"line":28,"column":5}},"15":{"start":{"line":25,"column":8},"end":{"line":25,"column":42}},"16":{"start":{"line":26,"column":11},"end":{"line":28,"column":5}},"17":{"start":{"line":27,"column":8},"end":{"line":27,"column":51}},"18":{"start":{"line":30,"column":4},"end":{"line":30,"column":21}},"19":{"start":{"line":55,"column":22},"end":{"line":55,"column":43}},"20":{"start":{"line":34,"column":4},"end":{"line":36,"column":5}},"21":{"start":{"line":35,"column":8},"end":{"line":35,"column":18}},"22":{"start":{"line":38,"column":35},"end":{"line":38,"column":74}},"23":{"start":{"line":38,"column":61},"end":{"line":38,"column":72}},"24":{"start":{"line":40,"column":4},"end":{"line":52,"column":7}},"25":{"start":{"line":41,"column":8},"end":{"line":49,"column":9}},"26":{"start":{"line":42,"column":12},"end":{"line":46,"column":null}},"27":{"start":{"line":51,"column":8},"end":{"line":51,"column":20}}},"fnMap":{"0":{"name":"(anonymous_0)","decl":{"start":{"line":4,"column":20},"end":{"line":4,"column":21}},"loc":{"start":{"line":4,"column":45},"end":{"line":11,"column":1}}},"1":{"name":"(anonymous_1)","decl":{"start":{"line":13,"column":30},"end":{"line":13,"column":31}},"loc":{"start":{"line":13,"column":60},"end":{"line":31,"column":1}}},"2":{"name":"removeSelectedFieldsFromIsolatedApiNodes","decl":{"start":{"line":33,"column":9},"end":{"line":33,"column":49}},"loc":{"start":{"line":33,"column":62},"end":{"line":53,"column":1}}},"3":{"name":"(anonymous_3)","decl":{"start":{"line":38,"column":53},"end":{"line":38,"column":57}},"loc":{"start":{"line":38,"column":61},"end":{"line":38,"column":72}}},"4":{"name":"(anonymous_4)","decl":{"start":{"line":40,"column":21},"end":{"line":40,"column":25}},"loc":{"start":{"line":40,"column":28},"end":{"line":52,"column":5}}}},"branchMap":{"0":{"loc":{"start":{"line":16,"column":4},"end":{"line":18,"column":5}},"type":"if","locations":[{"start":{"line":16,"column":4},"end":{"line":18,"column":5}},{"start":{},"end":{}}]},"1":{"loc":{"start":{"line":16,"column":9},"end":{"line":16,"column":25}},"type":"cond-expr","locations":[{"start":{"line":16,"column":17},"end":{"line":16,"column":19}},{"start":{"line":16,"column":9},"end":{"line":16,"column":25}}]},"2":{"loc":{"start":{"line":16,"column":9},"end":{"line":16,"column":19}},"type":"binary-expr","locations":[{"start":{"line":16,"column":9},"end":{"line":16,"column":19}},{"start":{"line":16,"column":9},"end":{"line":16,"column":19}}]},"3":{"loc":{"start":{"line":20,"column":4},"end":{"line":22,"column":5}},"type":"if","locations":[{"start":{"line":20,"column":4},"end":{"line":22,"column":5}},{"start":{},"end":{}}]},"4":{"loc":{"start":{"line":20,"column":8},"end":{"line":20,"column":83}},"type":"binary-expr","locations":[{"start":{"line":20,"column":8},"end":{"line":20,"column":44}},{"start":{"line":20,"column":48},"end":{"line":20,"column":83}}]},"5":{"loc":{"start":{"line":24,"column":4},"end":{"line":28,"column":5}},"type":"if","locations":[{"start":{"line":24,"column":4},"end":{"line":28,"column":5}},{"start":{"line":26,"column":11},"end":{"line":28,"column":5}}]},"6":{"loc":{"start":{"line":26,"column":11},"end":{"line":28,"column":5}},"type":"if","locations":[{"start":{"line":26,"column":11},"end":{"line":28,"column":5}},{"start":{},"end":{}}]},"7":{"loc":{"start":{"line":34,"column":4},"end":{"line":36,"column":5}},"type":"if","locations":[{"start":{"line":34,"column":4},"end":{"line":36,"column":5}},{"start":{},"end":{}}]},"8":{"loc":{"start":{"line":34,"column":8},"end":{"line":34,"column":54}},"type":"binary-expr","locations":[{"start":{"line":34,"column":8},"end":{"line":34,"column":29}},{"start":{"line":34,"column":33},"end":{"line":34,"column":54}}]},"9":{"loc":{"start":{"line":41,"column":8},"end":{"line":49,"column":9}},"type":"if","locations":[{"start":{"line":41,"column":8},"end":{"line":49,"column":9}},{"start":{},"end":{}}]},"10":{"loc":{"start":{"line":41,"column":12},"end":{"line":41,"column":79}},"type":"binary-expr","locations":[{"start":{"line":41,"column":12},"end":{"line":41,"column":48}},{"start":{"line":41,"column":52},"end":{"line":41,"column":79}}]}},"s":{"0":1,"1":1,"2":1,"3":9,"4":9,"5":5,"6":4,"7":1,"8":1,"9":5,"10":5,"11":2,"12":5,"13":2,"14":5,"15":2,"16":3,"17":1,"18":5,"19":1,"20":5,"21":2,"22":3,"23":1,"24":3,"25":5,"26":1,"27":4},"f":{"0":9,"1":5,"2":5,"3":1,"4":5},"b":{"0":[2,3],"1":[0,5],"2":[5,5],"3":[2,3],"4":[5,2],"5":[2,3],"6":[1,2],"7":[2,3],"8":[5,4],"9":[1,4],"10":[5,4]}}
,"C:\\Users\\willi\\Downloads\\workflow-react-challenge-main\\src\\validation\\forms\\FormNodeConfig.ts": {"path":"C:\\Users\\willi\\Downloads\\workflow-react-challenge-main\\src\\validation\\forms\\FormNodeConfig.ts","statementMap":{"0":{"start":{"line":7,"column":31},"end":{"line":25,"column":1}},"1":{"start":{"line":8,"column":40},"end":{"line":8,"column":42}},"2":{"start":{"line":10,"column":4},"end":{"line":12,"column":5}},"3":{"start":{"line":11,"column":8},"end":{"line":11,"column":53}},"4":{"start":{"line":14,"column":4},"end":{"line":16,"column":5}},"5":{"start":{"line":15,"column":8},"end":{"line":15,"column":67}},"6":{"start":{"line":18,"column":4},"end":{"line":22,"column":7}},"7":{"start":{"line":19,"column":8},"end":{"line":21,"column":9}},"8":{"start":{"line":20,"column":12},"end":{"line":20,"column":75}},"9":{"start":{"line":24,"column":4},"end":{"line":24,"column":21}},"10":{"start":{"line":27,"column":9},"end":{"line":27,"column":31}}},"fnMap":{"0":{"name":"(anonymous_0)","decl":{"start":{"line":7,"column":31},"end":{"line":7,"column":32}},"loc":{"start":{"line":7,"column":52},"end":{"line":25,"column":1}}},"1":{"name":"(anonymous_1)","decl":{"start":{"line":18,"column":19},"end":{"line":18,"column":20}},"loc":{"start":{"line":18,"column":29},"end":{"line":22,"column":5}}}},"branchMap":{"0":{"loc":{"start":{"line":10,"column":4},"end":{"line":12,"column":5}},"type":"if","locations":[{"start":{"line":10,"column":4},"end":{"line":12,"column":5}},{"start":{},"end":{}}]},"1":{"loc":{"start":{"line":10,"column":9},"end":{"line":10,"column":25}},"type":"cond-expr","locations":[{"start":{"line":10,"column":17},"end":{"line":10,"column":19}},{"start":{"line":10,"column":9},"end":{"line":10,"column":25}}]},"2":{"loc":{"start":{"line":10,"column":9},"end":{"line":10,"column":19}},"type":"binary-expr","locations":[{"start":{"line":10,"column":9},"end":{"line":10,"column":19}},{"start":{"line":10,"column":9},"end":{"line":10,"column":19}}]},"3":{"loc":{"start":{"line":14,"column":4},"end":{"line":16,"column":5}},"type":"if","locations":[{"start":{"line":14,"column":4},"end":{"line":16,"column":5}},{"start":{},"end":{}}]},"4":{"loc":{"start":{"line":19,"column":8},"end":{"line":21,"column":9}},"type":"if","locations":[{"start":{"line":19,"column":8},"end":{"line":21,"column":9}},{"start":{},"end":{}}]}},"s":{"0":1,"1":7,"2":7,"3":3,"4":7,"5":3,"6":7,"7":6,"8":4,"9":7,"10":1},"f":{"0":7,"1":6},"b":{"0":[3,4],"1":[0,7],"2":[7,7],"3":[3,4],"4":[4,2]}}
,"C:\\Users\\willi\\Downloads\\workflow-react-challenge-main\\src\\validation\\forms\\ValidForms.ts": {"path":"C:\\Users\\willi\\Downloads\\workflow-react-challenge-main\\src\\validation\\forms\\ValidForms.ts","statementMap":{"0":{"start":{"line":1,"column":0},"end":{"line":1,"column":40}},"1":{"start":{"line":2,"column":0},"end":{"line":2,"column":58}},"2":{"start":{"line":3,"column":0},"end":{"line":3,"column":56}},"3":{"start":{"line":5,"column":22},"end":{"line":20,"column":1}},"4":{"start":{"line":6,"column":19},"end":{"line":6,"column":21}},"5":{"start":{"line":8,"column":4},"end":{"line":17,"column":5}},"6":{"start":{"line":8,"column":17},"end":{"line":8,"column":18}},"7":{"start":{"line":9,"column":19},"end":{"line":9,"column":27}},"8":{"start":{"line":11,"column":8},"end":{"line":16,"column":9}},"9":{"start":{"line":12,"column":31},"end":{"line":12,"column":198}},"10":{"start":{"line":13,"column":12},"end":{"line":15,"column":13}},"11":{"start":{"line":14,"column":16},"end":{"line":14,"column":89}},"12":{"start":{"line":19,"column":4},"end":{"line":19,"column":18}},"13":{"start":{"line":22,"column":9},"end":{"line":22,"column":22}}},"fnMap":{"0":{"name":"(anonymous_0)","decl":{"start":{"line":5,"column":22},"end":{"line":5,"column":23}},"loc":{"start":{"line":5,"column":32},"end":{"line":20,"column":1}}}},"branchMap":{"0":{"loc":{"start":{"line":11,"column":8},"end":{"line":16,"column":9}},"type":"if","locations":[{"start":{"line":11,"column":8},"end":{"line":16,"column":9}},{"start":{},"end":{}}]},"1":{"loc":{"start":{"line":11,"column":12},"end":{"line":11,"column":71}},"type":"binary-expr","locations":[{"start":{"line":11,"column":12},"end":{"line":11,"column":40}},{"start":{"line":11,"column":44},"end":{"line":11,"column":71}}]},"2":{"loc":{"start":{"line":12,"column":31},"end":{"line":12,"column":198}},"type":"cond-expr","locations":[{"start":{"line":12,"column":62},"end":{"line":12,"column":119}},{"start":{"line":12,"column":122},"end":{"line":12,"column":198}}]},"3":{"loc":{"start":{"line":13,"column":12},"end":{"line":15,"column":13}},"type":"if","locations":[{"start":{"line":13,"column":12},"end":{"line":15,"column":13}},{"start":{},"end":{}}]}},"s":{"0":1,"1":1,"2":1,"3":1,"4":5,"5":5,"6":5,"7":9,"8":9,"9":7,"10":7,"11":4,"12":5,"13":1},"f":{"0":5},"b":{"0":[7,2],"1":[9,6],"2":[3,4],"3":[4,3]}}
,"C:\\Users\\willi\\Downloads\\workflow-react-challenge-main\\src\\validation\\workflow\\ValidPath.ts": {"path":"C:\\Users\\willi\\Downloads\\workflow-react-challenge-main\\src\\validation\\workflow\\ValidPath.ts","statementMap":{"0":{"start":{"line":82,"column":9},"end":{"line":82,"column":29}},"1":{"start":{"line":1,"column":0},"end":{"line":1,"column":49}},"2":{"start":{"line":4,"column":17},"end":{"line":4,"column":19}},"3":{"start":{"line":6,"column":21},"end":{"line":6,"column":64}},"4":{"start":{"line":6,"column":42},"end":{"line":6,"column":63}},"5":{"start":{"line":7,"column":19},"end":{"line":7,"column":60}},"6":{"start":{"line":7,"column":40},"end":{"line":7,"column":59}},"7":{"start":{"line":10,"column":2},"end":{"line":12,"column":3}},"8":{"start":{"line":11,"column":4},"end":{"line":11,"column":39}},"9":{"start":{"line":14,"column":2},"end":{"line":16,"column":3}},"10":{"start":{"line":15,"column":4},"end":{"line":15,"column":37}},"11":{"start":{"line":18,"column":2},"end":{"line":20,"column":3}},"12":{"start":{"line":19,"column":4},"end":{"line":19,"column":18}},"13":{"start":{"line":22,"column":20},"end":{"line":22,"column":33}},"14":{"start":{"line":23,"column":18},"end":{"line":23,"column":29}},"15":{"start":{"line":26,"column":24},"end":{"line":26,"column":26}},"16":{"start":{"line":27,"column":2},"end":{"line":29,"column":5}},"17":{"start":{"line":28,"column":4},"end":{"line":28,"column":32}},"18":{"start":{"line":31,"column":2},"end":{"line":35,"column":5}},"19":{"start":{"line":32,"column":4},"end":{"line":34,"column":5}},"20":{"start":{"line":33,"column":6},"end":{"line":33,"column":51}},"21":{"start":{"line":39,"column":4},"end":{"line":41,"column":5}},"22":{"start":{"line":40,"column":6},"end":{"line":40,"column":18}},"23":{"start":{"line":43,"column":4},"end":{"line":45,"column":5}},"24":{"start":{"line":44,"column":6},"end":{"line":44,"column":19}},"25":{"start":{"line":47,"column":4},"end":{"line":47,"column":31}},"26":{"start":{"line":49,"column":22},"end":{"line":49,"column":56}},"27":{"start":{"line":50,"column":4},"end":{"line":54,"column":5}},"28":{"start":{"line":51,"column":6},"end":{"line":53,"column":7}},"29":{"start":{"line":52,"column":8},"end":{"line":52,"column":20}},"30":{"start":{"line":56,"column":4},"end":{"line":56,"column":17}},"31":{"start":{"line":59,"column":26},"end":{"line":59,"column":51}},"32":{"start":{"line":61,"column":2},"end":{"line":63,"column":3}},"33":{"start":{"line":62,"column":4},"end":{"line":62,"column":101}},"34":{"start":{"line":65,"column":2},"end":{"line":65,"column":16}},"35":{"start":{"line":68,"column":30},"end":{"line":80,"column":1}},"36":{"start":{"line":69,"column":15},"end":{"line":69,"column":17}},"37":{"start":{"line":71,"column":4},"end":{"line":77,"column":5}},"38":{"start":{"line":72,"column":6},"end":{"line":76,"column":9}},"39":{"start":{"line":73,"column":8},"end":{"line":75,"column":9}},"40":{"start":{"line":73,"column":33},"end":{"line":73,"column":51}},"41":{"start":{"line":74,"column":10},"end":{"line":74,"column":32}},"42":{"start":{"line":79,"column":4},"end":{"line":79,"column":null}},"43":{"start":{"line":82,"column":31},"end":{"line":82,"column":52}}},"fnMap":{"0":{"name":"validateWorkflowPath","decl":{"start":{"line":3,"column":9},"end":{"line":3,"column":29}},"loc":{"start":{"line":3,"column":42},"end":{"line":66,"column":1}}},"1":{"name":"(anonymous_1)","decl":{"start":{"line":6,"column":34},"end":{"line":6,"column":38}},"loc":{"start":{"line":6,"column":42},"end":{"line":6,"column":63}}},"2":{"name":"(anonymous_2)","decl":{"start":{"line":7,"column":32},"end":{"line":7,"column":36}},"loc":{"start":{"line":7,"column":40},"end":{"line":7,"column":59}}},"3":{"name":"(anonymous_3)","decl":{"start":{"line":27,"column":16},"end":{"line":27,"column":20}},"loc":{"start":{"line":27,"column":23},"end":{"line":29,"column":3}}},"4":{"name":"(anonymous_4)","decl":{"start":{"line":31,"column":16},"end":{"line":31,"column":20}},"loc":{"start":{"line":31,"column":23},"end":{"line":35,"column":3}}},"5":{"name":"canReachEnd","decl":{"start":{"line":38,"column":11},"end":{"line":38,"column":22}},"loc":{"start":{"line":38,"column":57},"end":{"line":57,"column":3}}},"6":{"name":"(anonymous_6)","decl":{"start":{"line":68,"column":30},"end":{"line":68,"column":31}},"loc":{"start":{"line":68,"column":40},"end":{"line":80,"column":1}}},"7":{"name":"(anonymous_7)","decl":{"start":{"line":72,"column":49},"end":{"line":72,"column":50}},"loc":{"start":{"line":72,"column":70},"end":{"line":76,"column":7}}},"8":{"name":"(anonymous_8)","decl":{"start":{"line":73,"column":25},"end":{"line":73,"column":29}},"loc":{"start":{"line":73,"column":33},"end":{"line":73,"column":51}}}},"branchMap":{"0":{"loc":{"start":{"line":10,"column":2},"end":{"line":12,"column":3}},"type":"if","locations":[{"start":{"line":10,"column":2},"end":{"line":12,"column":3}},{"start":{},"end":{}}]},"1":{"loc":{"start":{"line":14,"column":2},"end":{"line":16,"column":3}},"type":"if","locations":[{"start":{"line":14,"column":2},"end":{"line":16,"column":3}},{"start":{},"end":{}}]},"2":{"loc":{"start":{"line":18,"column":2},"end":{"line":20,"column":3}},"type":"if","locations":[{"start":{"line":18,"column":2},"end":{"line":20,"column":3}},{"start":{},"end":{}}]},"3":{"loc":{"start":{"line":32,"column":4},"end":{"line":34,"column":5}},"type":"if","locations":[{"start":{"line":32,"column":4},"end":{"line":34,"column":5}},{"start":{},"end":{}}]},"4":{"loc":{"start":{"line":38,"column":38},"end":{"line":38,"column":57}},"type":"default-arg","locations":[{"start":{"line":38,"column":48},"end":{"line":38,"column":57}}]},"5":{"loc":{"start":{"line":39,"column":4},"end":{"line":41,"column":5}},"type":"if","locations":[{"start":{"line":39,"column":4},"end":{"line":41,"column":5}},{"start":{},"end":{}}]},"6":{"loc":{"start":{"line":43,"column":4},"end":{"line":45,"column":5}},"type":"if","locations":[{"start":{"line":43,"column":4},"end":{"line":45,"column":5}},{"start":{},"end":{}}]},"7":{"loc":{"start":{"line":49,"column":22},"end":{"line":49,"column":56}},"type":"binary-expr","locations":[{"start":{"line":49,"column":22},"end":{"line":49,"column":50}},{"start":{"line":49,"column":54},"end":{"line":49,"column":56}}]},"8":{"loc":{"start":{"line":51,"column":6},"end":{"line":53,"column":7}},"type":"if","locations":[{"start":{"line":51,"column":6},"end":{"line":53,"column":7}},{"start":{},"end":{}}]},"9":{"loc":{"start":{"line":61,"column":2},"end":{"line":63,"column":3}},"type":"if","locations":[{"start":{"line":61,"column":2},"end":{"line":63,"column":3}},{"start":{},"end":{}}]},"10":{"loc":{"start":{"line":71,"column":4},"end":{"line":77,"column":5}},"type":"if","locations":[{"start":{"line":71,"column":4},"end":{"line":77,"column":5}},{"start":{},"end":{}}]},"11":{"loc":{"start":{"line":71,"column":8},"end":{"line":71,"column":21}},"type":"cond-expr","locations":[{"start":{"line":71,"column":13},"end":{"line":71,"column":15}},{"start":{"line":71,"column":8},"end":{"line":71,"column":21}}]},"12":{"loc":{"start":{"line":71,"column":8},"end":{"line":71,"column":15}},"type":"binary-expr","locations":[{"start":{"line":71,"column":8},"end":{"line":71,"column":15}},{"start":{"line":71,"column":8},"end":{"line":71,"column":15}}]},"13":{"loc":{"start":{"line":73,"column":8},"end":{"line":75,"column":9}},"type":"if","locations":[{"start":{"line":73,"column":8},"end":{"line":75,"column":9}},{"start":{},"end":{}}]}},"s":{"0":1,"1":1,"2":6,"3":6,"4":11,"5":6,"6":11,"7":6,"8":2,"9":6,"10":2,"11":6,"12":3,"13":3,"14":3,"15":3,"16":3,"17":8,"18":3,"19":5,"20":5,"21":8,"22":2,"23":6,"24":1,"25":5,"26":5,"27":5,"28":5,"29":4,"30":1,"31":3,"32":3,"33":1,"34":3,"35":1,"36":5,"37":5,"38":4,"39":12,"40":42,"41":5,"42":5,"43":1},"f":{"0":6,"1":11,"2":11,"3":8,"4":5,"5":8,"6":5,"7":12,"8":42},"b":{"0":[2,4],"1":[2,4],"2":[3,3],"3":[5,0],"4":[3],"5":[2,6],"6":[1,5],"7":[5,0],"8":[4,1],"9":[1,2],"10":[4,1],"11":[0,5],"12":[5,5],"13":[5,7]}}
}
