TN:
SF:src\constants\cache.ts
FNF:0
FNH:0
DA:1,5
DA:2,5
DA:4,5
LF:3
LH:3
BRF:0
BRH:0
end_of_record
TN:
SF:src\constants\errors.ts
FNF:0
FNH:0
DA:1,5
DA:6,5
LF:2
LH:2
BRF:0
BRH:0
end_of_record
TN:
SF:src\constants\index.ts
FNF:0
FNH:0
DA:1,5
DA:2,5
DA:3,5
LF:3
LH:3
BRF:0
BRH:0
end_of_record
TN:
SF:src\constants\nodes.ts
FN:1,(anonymous_0)
FN:9,(anonymous_1)
FN:14,(anonymous_2)
FN:20,(anonymous_3)
FN:26,(anonymous_4)
FNF:5
FNH:5
FNDA:5,(anonymous_0)
FNDA:5,(anonymous_1)
FNDA:5,(anonymous_2)
FNDA:5,(anonymous_3)
FNDA:5,(anonymous_4)
DA:1,5
DA:2,5
DA:3,5
DA:4,5
DA:5,5
DA:6,5
DA:9,5
DA:10,5
DA:11,5
DA:14,5
DA:15,5
DA:16,5
DA:17,5
DA:20,5
DA:21,5
DA:22,5
DA:23,5
DA:26,5
DA:27,5
DA:28,5
DA:29,5
LF:21
LH:21
BRDA:1,0,0,5
BRDA:1,0,1,5
BRDA:9,1,0,5
BRDA:9,1,1,5
BRDA:14,2,0,5
BRDA:14,2,1,5
BRDA:20,3,0,5
BRDA:20,3,1,5
BRDA:26,4,0,5
BRDA:26,4,1,5
BRF:10
BRH:10
end_of_record
TN:
SF:src\utils\nodes.ts
FN:4,(anonymous_0)
FN:20,getImmediatePrecedingFormNodes
FN:23,(anonymous_2)
FN:29,(anonymous_3)
FN:32,(anonymous_4)
FN:35,(anonymous_5)
FN:38,(anonymous_6)
FN:39,(anonymous_7)
FNF:8
FNH:8
FNDA:4,(anonymous_0)
FNDA:5,getImmediatePrecedingFormNodes
FNDA:10,(anonymous_2)
FNDA:6,(anonymous_3)
FNDA:4,(anonymous_4)
FNDA:11,(anonymous_5)
FNDA:3,(anonymous_6)
FNDA:2,(anonymous_7)
DA:1,1
DA:4,1
DA:5,4
DA:17,4
DA:21,5
DA:23,10
DA:24,5
DA:25,1
DA:29,6
DA:32,4
DA:35,4
DA:36,11
DA:39,3
DA:46,4
DA:49,1
LF:15
LH:15
BRDA:11,0,0,4
BRDA:11,0,1,1
BRDA:12,1,0,4
BRDA:12,1,1,1
BRDA:13,2,0,4
BRDA:13,2,1,1
BRDA:24,3,0,1
BRDA:24,3,1,4
BRDA:36,4,0,11
BRDA:36,4,1,4
BRF:10
BRH:10
end_of_record
TN:
SF:src\utils\selectState.ts
FN:4,(anonymous_0)
FN:5,(anonymous_1)
FN:6,(anonymous_2)
FNF:3
FNH:3
FNDA:3,(anonymous_0)
FNDA:6,(anonymous_1)
FNDA:6,(anonymous_2)
DA:1,1
DA:3,1
DA:4,3
DA:5,6
DA:6,6
LF:5
LH:5
BRF:0
BRH:0
end_of_record
TN:
SF:src\utils\workflow.ts
FN:3,(anonymous_0)
FN:5,(anonymous_1)
FN:11,(anonymous_2)
FN:27,(anonymous_3)
FNF:4
FNH:4
FNDA:1,(anonymous_0)
FNDA:2,(anonymous_1)
FNDA:1,(anonymous_2)
FNDA:4,(anonymous_3)
DA:1,1
DA:3,1
DA:4,1
DA:5,2
DA:11,1
DA:24,1
DA:27,1
DA:28,4
DA:29,4
DA:30,4
DA:31,3
DA:33,2
DA:34,1
DA:41,1
DA:44,3
DA:50,1
LF:16
LH:16
BRDA:30,0,0,3
BRDA:30,0,1,1
BRDA:33,1,0,1
BRDA:33,1,1,1
BRDA:33,2,0,2
BRDA:33,2,1,2
BRDA:33,2,2,1
BRF:7
BRH:7
end_of_record
TN:
SF:src\validation\forms\ApiNodeConfig.ts
FN:4,(anonymous_0)
FN:13,(anonymous_1)
FN:33,removeSelectedFieldsFromIsolatedApiNodes
FN:38,(anonymous_3)
FN:40,(anonymous_4)
FNF:5
FNH:5
FNDA:9,(anonymous_0)
FNDA:5,(anonymous_1)
FNDA:5,removeSelectedFieldsFromIsolatedApiNodes
FNDA:1,(anonymous_3)
FNDA:5,(anonymous_4)
DA:1,1
DA:4,1
DA:5,9
DA:6,9
DA:7,5
DA:9,4
DA:13,1
DA:14,5
DA:16,5
DA:17,2
DA:20,5
DA:21,2
DA:24,5
DA:25,2
DA:26,3
DA:27,1
DA:30,5
DA:34,5
DA:35,2
DA:38,3
DA:40,3
DA:41,5
DA:42,1
DA:51,4
DA:55,1
LF:25
LH:25
BRDA:16,0,0,2
BRDA:16,0,1,3
BRDA:16,1,0,0
BRDA:16,1,1,5
BRDA:16,2,0,5
BRDA:16,2,1,5
BRDA:20,3,0,2
BRDA:20,3,1,3
BRDA:20,4,0,5
BRDA:20,4,1,2
BRDA:24,5,0,2
BRDA:24,5,1,3
BRDA:26,6,0,1
BRDA:26,6,1,2
BRDA:34,7,0,2
BRDA:34,7,1,3
BRDA:34,8,0,5
BRDA:34,8,1,4
BRDA:41,9,0,1
BRDA:41,9,1,4
BRDA:41,10,0,5
BRDA:41,10,1,4
BRF:22
BRH:21
end_of_record
TN:
SF:src\validation\forms\FormNodeConfig.ts
FN:7,(anonymous_0)
FN:18,(anonymous_1)
FNF:2
FNH:2
FNDA:7,(anonymous_0)
FNDA:6,(anonymous_1)
DA:7,1
DA:8,7
DA:10,7
DA:11,3
DA:14,7
DA:15,3
DA:18,7
DA:19,6
DA:20,4
DA:24,7
DA:27,1
LF:11
LH:11
BRDA:10,0,0,3
BRDA:10,0,1,4
BRDA:10,1,0,0
BRDA:10,1,1,7
BRDA:10,2,0,7
BRDA:10,2,1,7
BRDA:14,3,0,3
BRDA:14,3,1,4
BRDA:19,4,0,4
BRDA:19,4,1,2
BRF:10
BRH:9
end_of_record
TN:
SF:src\validation\forms\ValidForms.ts
FN:5,(anonymous_0)
FNF:1
FNH:1
FNDA:5,(anonymous_0)
DA:1,1
DA:2,1
DA:3,1
DA:5,1
DA:6,5
DA:8,5
DA:9,9
DA:11,9
DA:12,7
DA:13,7
DA:14,4
DA:19,5
DA:22,1
LF:13
LH:13
BRDA:11,0,0,7
BRDA:11,0,1,2
BRDA:11,1,0,9
BRDA:11,1,1,6
BRDA:12,2,0,3
BRDA:12,2,1,4
BRDA:13,3,0,4
BRDA:13,3,1,3
BRF:8
BRH:8
end_of_record
TN:
SF:src\validation\workflow\ValidPath.ts
FN:3,validateWorkflowPath
FN:6,(anonymous_1)
FN:7,(anonymous_2)
FN:27,(anonymous_3)
FN:31,(anonymous_4)
FN:38,canReachEnd
FN:68,(anonymous_6)
FN:72,(anonymous_7)
FN:73,(anonymous_8)
FNF:9
FNH:9
FNDA:6,validateWorkflowPath
FNDA:11,(anonymous_1)
FNDA:11,(anonymous_2)
FNDA:8,(anonymous_3)
FNDA:5,(anonymous_4)
FNDA:8,canReachEnd
FNDA:5,(anonymous_6)
FNDA:12,(anonymous_7)
FNDA:42,(anonymous_8)
DA:1,1
DA:4,6
DA:6,11
DA:7,11
DA:10,6
DA:11,2
DA:14,6
DA:15,2
DA:18,6
DA:19,3
DA:22,3
DA:23,3
DA:26,3
DA:27,3
DA:28,8
DA:31,3
DA:32,5
DA:33,5
DA:39,8
DA:40,2
DA:43,6
DA:44,1
DA:47,5
DA:49,5
DA:50,5
DA:51,5
DA:52,4
DA:56,1
DA:59,3
DA:61,3
DA:62,1
DA:65,3
DA:68,1
DA:69,5
DA:71,5
DA:72,4
DA:73,42
DA:74,5
DA:79,5
DA:82,1
LF:40
LH:40
BRDA:10,0,0,2
BRDA:10,0,1,4
BRDA:14,1,0,2
BRDA:14,1,1,4
BRDA:18,2,0,3
BRDA:18,2,1,3
BRDA:32,3,0,5
BRDA:32,3,1,0
BRDA:38,4,0,3
BRDA:39,5,0,2
BRDA:39,5,1,6
BRDA:43,6,0,1
BRDA:43,6,1,5
BRDA:49,7,0,5
BRDA:49,7,1,0
BRDA:51,8,0,4
BRDA:51,8,1,1
BRDA:61,9,0,1
BRDA:61,9,1,2
BRDA:71,10,0,4
BRDA:71,10,1,1
BRDA:71,11,0,0
BRDA:71,11,1,5
BRDA:71,12,0,5
BRDA:71,12,1,5
BRDA:73,13,0,5
BRDA:73,13,1,7
BRF:27
BRH:24
end_of_record
